2023-08-26T15:57:52.486Z - info: [server] Starting NodeCG 2.1.11 (Running on Node.js v18.16.1)
2023-08-26T15:57:53.615Z - info: [extensions] Mounted ajr-relay-layouts extension
2023-08-26T15:57:53.622Z - info: [server] NodeCG running on http://localhost:9090
2023-08-26T15:58:33.763Z - info: [server] Starting NodeCG 2.1.11 (Running on Node.js v18.16.1)
2023-08-26T15:58:34.893Z - info: [extensions] Mounted ajr-relay-layouts extension
2023-08-26T15:58:34.901Z - info: [server] NodeCG running on http://localhost:9090
2023-08-26T15:59:46.167Z - info: [server] Starting NodeCG 2.1.11 (Running on Node.js v18.16.1)
2023-08-26T15:59:47.358Z - info: [extensions] Mounted ajr-relay-layouts extension
2023-08-26T15:59:47.373Z - info: [server] NodeCG running on http://localhost:9090
2023-08-26T16:01:07.618Z - info: [server] Starting NodeCG 2.1.11 (Running on Node.js v18.16.1)
2023-08-26T16:01:08.784Z - info: [extensions] Mounted ajr-relay-layouts extension
2023-08-26T16:01:08.795Z - info: [server] NodeCG running on http://localhost:9090
2023-08-27T05:10:14.275Z - info: [server] Starting NodeCG 2.1.11 (Running on Node.js v18.16.1)
2023-08-27T05:10:16.035Z - info: [extensions] Mounted ajr-relay-layouts extension
2023-08-27T05:10:16.044Z - info: [server] NodeCG running on http://localhost:9090
2023-08-27T05:11:15.691Z - info: [server] Starting NodeCG 2.1.11 (Running on Node.js v18.16.1)
2023-08-27T05:11:16.873Z - info: [extensions] Mounted ajr-relay-layouts extension
2023-08-27T05:11:16.882Z - info: [server] NodeCG running on http://localhost:9090
2023-08-27T05:14:00.374Z - info: [server] Starting NodeCG 2.1.11 (Running on Node.js v18.16.1)
2023-08-27T05:14:01.564Z - info: [extensions] Mounted ajr-relay-layouts extension
2023-08-27T05:14:01.573Z - info: [server] NodeCG running on http://localhost:9090
2023-08-27T05:19:13.199Z - info: [server] Starting NodeCG 2.1.11 (Running on Node.js v18.16.1)
2023-08-27T05:19:14.382Z - info: [extensions] Mounted ajr-relay-layouts extension
2023-08-27T05:19:14.392Z - info: [server] NodeCG running on http://localhost:9090
2023-08-27T05:20:11.771Z - info: [server] Starting NodeCG 2.1.11 (Running on Node.js v18.16.1)
2023-08-27T05:20:12.945Z - info: [extensions] Mounted ajr-relay-layouts extension
2023-08-27T05:20:12.953Z - info: [server] NodeCG running on http://localhost:9090
2023-08-27T05:50:12.216Z - info: [server] Starting NodeCG 2.1.11 (Running on Node.js v18.16.1)
2023-08-27T05:50:13.402Z - info: [extensions] Mounted ajr-relay-layouts extension
2023-08-27T05:50:13.412Z - info: [server] NodeCG running on http://localhost:9090
2023-08-27T05:51:25.182Z - info: [server] Starting NodeCG 2.1.11 (Running on Node.js v18.16.1)
2023-08-27T05:51:26.358Z - info: [extensions] Mounted ajr-relay-layouts extension
2023-08-27T05:51:26.366Z - info: [server] NodeCG running on http://localhost:9090
2023-08-27T07:02:18.416Z - info: [server] Starting NodeCG 2.1.11 (Running on Node.js v18.16.1)
2023-08-27T07:02:19.600Z - info: [extensions] Mounted ajr-relay-layouts extension
2023-08-27T07:02:19.614Z - info: [server] NodeCG running on http://localhost:9090
2023-08-27T07:02:43.808Z - info: [server] Starting NodeCG 2.1.11 (Running on Node.js v18.16.1)
2023-08-27T07:02:45.031Z - info: [extensions] Mounted ajr-relay-layouts extension
2023-08-27T07:02:45.042Z - info: [server] NodeCG running on http://localhost:9090
2023-08-27T07:03:48.460Z - info: [server] Starting NodeCG 2.1.11 (Running on Node.js v18.16.1)
2023-08-27T07:03:49.681Z - info: [extensions] Mounted ajr-relay-layouts extension
2023-08-27T07:03:49.696Z - info: [server] NodeCG running on http://localhost:9090
2023-08-27T07:06:12.105Z - info: [server] Starting NodeCG 2.1.11 (Running on Node.js v18.16.1)
2023-08-27T07:06:13.284Z - info: [extensions] Mounted ajr-relay-layouts extension
2023-08-27T07:06:13.298Z - info: [server] NodeCG running on http://localhost:9090
2023-08-27T07:09:40.219Z - info: [server] Starting NodeCG 2.1.11 (Running on Node.js v18.16.1)
2023-08-27T07:09:41.400Z - warn: [extensions] Failed to mount ajr-relay-layouts extension:
 Cannot read properties of undefined (reading 'time'), TypeError: Cannot read properties of undefined (reading 'time')
    at eval (webpack://ajr-relay-layouts/./src/extension/time-calculation/sum-of-games.ts?:11:35)
    at Array.reduce (<anonymous>)
    at Object.calculateTotal (webpack://ajr-relay-layouts/./src/extension/time-calculation/sum-of-games.ts?:10:30)
    at eval (webpack://ajr-relay-layouts/./src/extension/timekeeping.ts?:63:79)
    at Array.map (<anonymous>)
    at calculateLatestResult (webpack://ajr-relay-layouts/./src/extension/timekeeping.ts?:63:42)
    at timekeeping (webpack://ajr-relay-layouts/./src/extension/timekeeping.ts?:106:5)
    at module.exports (webpack://ajr-relay-layouts/./src/extension/index.ts?:5:35)
    at ExtensionManager._loadExtension (/opt/nodecg/build/server/server.js:4968:31)
    at new ExtensionManager (/opt/nodecg/build/server/server.js:4905:30)
2023-08-27T07:09:41.410Z - info: [server] NodeCG running on http://localhost:9090
2023-08-27T07:11:09.731Z - info: [server] Starting NodeCG 2.1.11 (Running on Node.js v18.16.1)
2023-08-27T07:11:10.921Z - info: [extensions] Mounted ajr-relay-layouts extension
2023-08-27T07:11:10.935Z - info: [server] NodeCG running on http://localhost:9090
2023-08-27T07:14:40.204Z - info: [server] Starting NodeCG 2.1.11 (Running on Node.js v18.16.1)
2023-08-27T07:14:41.390Z - info: [extensions] Mounted ajr-relay-layouts extension
2023-08-27T07:14:41.406Z - info: [server] NodeCG running on http://localhost:9090
2023-08-27T07:16:13.965Z - info: [server] Starting NodeCG 2.1.11 (Running on Node.js v18.16.1)
2023-08-27T07:16:15.134Z - info: [extensions] Mounted ajr-relay-layouts extension
2023-08-27T07:16:15.148Z - info: [server] NodeCG running on http://localhost:9090
2023-08-27T07:16:55.725Z - info: [server] Starting NodeCG 2.1.11 (Running on Node.js v18.16.1)
2023-08-27T07:16:56.912Z - info: [extensions] Mounted ajr-relay-layouts extension
2023-08-27T07:16:56.926Z - info: [server] NodeCG running on http://localhost:9090
2023-08-27T07:19:29.909Z - info: [server] Starting NodeCG 2.1.11 (Running on Node.js v18.16.1)
2023-08-27T07:19:31.096Z - info: [extensions] Mounted ajr-relay-layouts extension
2023-08-27T07:19:31.111Z - info: [server] NodeCG running on http://localhost:9090
2023-08-27T07:37:01.995Z - info: [server] Starting NodeCG 2.1.11 (Running on Node.js v18.16.1)
2023-08-27T07:37:03.184Z - info: [extensions] Mounted ajr-relay-layouts extension
2023-08-27T07:37:03.193Z - info: [server] NodeCG running on http://localhost:9090
2023-09-03T11:30:32.370Z - info: [server] Starting NodeCG 2.1.11 (Running on Node.js v18.16.1)
2023-09-03T11:30:34.306Z - info: [extensions] Mounted ajr-relay-layouts extension
2023-09-03T11:30:34.319Z - info: [server] NodeCG running on http://localhost:9090
2023-09-03T11:41:21.157Z - info: [server] Starting NodeCG 2.1.11 (Running on Node.js v18.16.1)
2023-09-03T11:41:22.355Z - info: [extensions] Mounted ajr-relay-layouts extension
2023-09-03T11:41:22.366Z - info: [server] NodeCG running on http://localhost:9090
2023-09-03T11:42:16.889Z - info: [server] Starting NodeCG 2.1.11 (Running on Node.js v18.16.1)
2023-09-03T11:42:18.095Z - info: [extensions] Mounted ajr-relay-layouts extension
2023-09-03T11:42:18.107Z - info: [server] NodeCG running on http://localhost:9090
2023-09-03T11:50:54.325Z - info: [server] Starting NodeCG 2.1.11 (Running on Node.js v18.16.1)
2023-09-03T11:50:55.610Z - info: [extensions] Mounted ajr-relay-layouts extension
2023-09-03T11:50:55.622Z - info: [server] NodeCG running on http://localhost:9090
2023-09-03T11:51:30.536Z - info: [server] Starting NodeCG 2.1.11 (Running on Node.js v18.16.1)
2023-09-03T11:51:31.722Z - info: [extensions] Mounted ajr-relay-layouts extension
2023-09-03T11:51:31.732Z - info: [server] NodeCG running on http://localhost:9090
2023-09-03T11:59:44.851Z - info: [server] Starting NodeCG 2.1.11 (Running on Node.js v18.16.1)
2023-09-03T11:59:46.058Z - warn: [extensions] Failed to mount ajr-relay-layouts extension:
 Cannot read properties of undefined (reading '0'), TypeError: Cannot read properties of undefined (reading '0')
    at calculateLatestResult (webpack://ajr-relay-layouts/./src/extension/summary.ts?:43:40)
    at eval (webpack://ajr-relay-layouts/./src/extension/summary.ts?:74:9)
    at EventEmitter.<anonymous> (/opt/nodecg/build/server/server.js:6580:17)
    at EventEmitter.emit (node:events:513:28)
    at EventEmitter.emit (node:domain:489:12)
    at _addListener (node:events:556:14)
    at EventEmitter.addListener (node:events:605:10)
    at ServerReplicant.on (/opt/nodecg/build/server/server.js:7029:23)
    at summary (webpack://ajr-relay-layouts/./src/extension/summary.ts?:73:26)
    at module.exports (webpack://ajr-relay-layouts/./src/extension/index.ts?:7:27)
2023-09-03T11:59:46.082Z - info: [server] NodeCG running on http://localhost:9090
2023-09-03T12:03:44.426Z - info: [server] Starting NodeCG 2.1.11 (Running on Node.js v18.16.1)
2023-09-03T12:03:45.719Z - warn: [extensions] Failed to mount ajr-relay-layouts extension:
 Cannot read properties of undefined (reading '0'), TypeError: Cannot read properties of undefined (reading '0')
    at calculateLatestResult (webpack://ajr-relay-layouts/./src/extension/summary.ts?:43:40)
    at summary (webpack://ajr-relay-layouts/./src/extension/summary.ts?:76:5)
    at module.exports (webpack://ajr-relay-layouts/./src/extension/index.ts?:7:27)
    at ExtensionManager._loadExtension (/opt/nodecg/build/server/server.js:4968:31)
    at new ExtensionManager (/opt/nodecg/build/server/server.js:4905:30)
    at NodeCGServer.<anonymous> (/opt/nodecg/build/server/server.js:5324:38)
    at Generator.next (<anonymous>)
    at fulfilled (/opt/nodecg/build/server/server.js:5045:58)
2023-09-03T12:03:45.733Z - info: [server] NodeCG running on http://localhost:9090
2023-09-03T16:17:22.731Z - info: [server] Starting NodeCG 2.1.11 (Running on Node.js v18.16.1)
2023-09-03T16:17:23.926Z - info: [extensions] Mounted ajr-relay-layouts extension
2023-09-03T16:17:23.937Z - info: [server] NodeCG running on http://localhost:9090
2023-09-04T11:22:13.302Z - info: [server] Starting NodeCG 2.1.11 (Running on Node.js v18.16.1)
2023-09-04T11:22:15.166Z - info: [extensions] Mounted ajr-relay-layouts extension
2023-09-04T11:22:15.177Z - info: [server] NodeCG running on http://localhost:9090
2023-09-04T11:24:26.014Z - info: [server] Starting NodeCG 2.1.11 (Running on Node.js v18.16.1)
2023-09-04T11:24:27.216Z - info: [extensions] Mounted ajr-relay-layouts extension
2023-09-04T11:24:27.241Z - info: [server] NodeCG running on http://localhost:9090
2023-09-04T11:26:51.775Z - info: [server] Starting NodeCG 2.1.11 (Running on Node.js v18.16.1)
2023-09-04T11:26:52.992Z - info: [extensions] Mounted ajr-relay-layouts extension
2023-09-04T11:26:53.011Z - info: [server] NodeCG running on http://localhost:9090
2023-09-04T11:31:04.408Z - info: [server] Starting NodeCG 2.1.11 (Running on Node.js v18.16.1)
2023-09-04T11:31:05.618Z - info: [extensions] Mounted ajr-relay-layouts extension
2023-09-04T11:31:05.636Z - info: [server] NodeCG running on http://localhost:9090
2023-09-04T12:08:44.350Z - info: [server] Starting NodeCG 2.1.11 (Running on Node.js v18.16.1)
2023-09-04T12:08:45.551Z - info: [extensions] Mounted ajr-relay-layouts extension
2023-09-04T12:08:45.568Z - info: [server] NodeCG running on http://localhost:9090
2023-09-04T13:28:31.908Z - info: [server] Starting NodeCG 2.1.11 (Running on Node.js v18.16.1)
2023-09-04T13:28:33.146Z - info: [extensions] Mounted ajr-relay-layouts extension
2023-09-04T13:28:33.167Z - info: [server] NodeCG running on http://localhost:9090
2023-09-04T13:31:39.347Z - info: [server] Starting NodeCG 2.1.11 (Running on Node.js v18.16.1)
2023-09-04T13:31:40.558Z - info: [extensions] Mounted ajr-relay-layouts extension
2023-09-04T13:31:40.573Z - info: [server] NodeCG running on http://localhost:9090
2023-09-04T13:32:34.215Z - info: [server] Starting NodeCG 2.1.11 (Running on Node.js v18.16.1)
2023-09-04T13:32:35.430Z - info: [extensions] Mounted ajr-relay-layouts extension
2023-09-04T13:32:35.445Z - info: [server] NodeCG running on http://localhost:9090
2023-09-04T13:50:42.855Z - info: [server] Starting NodeCG 2.1.11 (Running on Node.js v18.16.1)
2023-09-04T13:50:44.062Z - info: [extensions] Mounted ajr-relay-layouts extension
2023-09-04T13:50:44.077Z - info: [server] NodeCG running on http://localhost:9090
2023-09-04T14:20:29.916Z - info: [server] Starting NodeCG 2.1.11 (Running on Node.js v18.16.1)
2023-09-04T14:20:31.147Z - info: [extensions] Mounted ajr-relay-layouts extension
2023-09-04T14:20:31.163Z - info: [server] NodeCG running on http://localhost:9090
2023-09-04T14:21:32.870Z - info: [server] Starting NodeCG 2.1.11 (Running on Node.js v18.16.1)
2023-09-04T14:21:34.101Z - info: [extensions] Mounted ajr-relay-layouts extension
2023-09-04T14:21:34.117Z - info: [server] NodeCG running on http://localhost:9090
2023-09-04T14:22:34.757Z - info: [server] Starting NodeCG 2.1.11 (Running on Node.js v18.16.1)
2023-09-04T14:22:36.014Z - info: [extensions] Mounted ajr-relay-layouts extension
2023-09-04T14:22:36.031Z - info: [server] NodeCG running on http://localhost:9090
2023-09-04T14:56:08.257Z - info: [server] Starting NodeCG 2.1.11 (Running on Node.js v18.16.1)
2023-09-04T14:56:09.455Z - info: [extensions] Mounted ajr-relay-layouts extension
2023-09-04T14:56:09.476Z - info: [server] NodeCG running on http://localhost:9090
2023-09-04T14:56:40.791Z - info: [server] Starting NodeCG 2.1.11 (Running on Node.js v18.16.1)
2023-09-04T14:56:42.013Z - info: [extensions] Mounted ajr-relay-layouts extension
2023-09-04T14:56:42.028Z - info: [server] NodeCG running on http://localhost:9090
2023-09-04T15:08:25.295Z - info: [server] Starting NodeCG 2.1.11 (Running on Node.js v18.16.1)
2023-09-04T15:08:26.505Z - info: [extensions] Mounted ajr-relay-layouts extension
2023-09-04T15:08:26.519Z - info: [server] NodeCG running on http://localhost:9090
2023-09-04T15:17:59.256Z - info: [server] Starting NodeCG 2.1.11 (Running on Node.js v18.16.1)
2023-09-04T15:18:00.470Z - info: [extensions] Mounted ajr-relay-layouts extension
2023-09-04T15:18:00.486Z - info: [server] NodeCG running on http://localhost:9090
2023-09-05T10:23:32.170Z - info: [server] Starting NodeCG 2.1.11 (Running on Node.js v18.16.1)
2023-09-05T10:23:34.206Z - info: [extensions] Mounted ajr-relay-layouts extension
2023-09-05T10:23:34.265Z - info: [server] NodeCG running on http://localhost:9090
2023-09-05T10:35:20.602Z - info: [server] Starting NodeCG 2.1.11 (Running on Node.js v18.16.1)
2023-09-05T10:35:21.865Z - info: [extensions] Mounted ajr-relay-layouts extension
2023-09-05T10:35:21.887Z - info: [server] NodeCG running on http://localhost:9090
2023-09-05T11:15:38.777Z - info: [server] Starting NodeCG 2.1.11 (Running on Node.js v18.16.1)
2023-09-05T11:15:40.007Z - info: [extensions] Mounted ajr-relay-layouts extension
2023-09-05T11:15:40.028Z - info: [server] NodeCG running on http://localhost:9090
2023-09-05T11:17:55.308Z - info: [server] Starting NodeCG 2.1.11 (Running on Node.js v18.16.1)
2023-09-05T11:17:56.522Z - info: [extensions] Mounted ajr-relay-layouts extension
2023-09-05T11:17:56.545Z - info: [server] NodeCG running on http://localhost:9090
2023-09-05T11:19:13.089Z - info: [server] Starting NodeCG 2.1.11 (Running on Node.js v18.16.1)
2023-09-05T11:19:14.350Z - info: [extensions] Mounted ajr-relay-layouts extension
2023-09-05T11:19:14.372Z - info: [server] NodeCG running on http://localhost:9090
2023-09-05T11:21:30.167Z - info: [server] Starting NodeCG 2.1.11 (Running on Node.js v18.16.1)
2023-09-05T11:21:31.387Z - info: [extensions] Mounted ajr-relay-layouts extension
2023-09-05T11:21:31.405Z - info: [server] NodeCG running on http://localhost:9090
2023-09-05T11:23:50.051Z - info: [server] Starting NodeCG 2.1.11 (Running on Node.js v18.16.1)
2023-09-05T11:23:51.268Z - info: [extensions] Mounted ajr-relay-layouts extension
2023-09-05T11:23:51.289Z - info: [server] NodeCG running on http://localhost:9090
2023-09-05T12:12:55.880Z - info: [server] Starting NodeCG 2.1.11 (Running on Node.js v18.16.1)
2023-09-05T12:12:57.090Z - info: [extensions] Mounted ajr-relay-layouts extension
2023-09-05T12:12:57.107Z - info: [server] NodeCG running on http://localhost:9090
2023-09-06T04:07:44.645Z - info: [server] Starting NodeCG 2.1.11 (Running on Node.js v18.16.1)
2023-09-06T04:07:46.771Z - info: [extensions] Mounted ajr-relay-layouts extension
2023-09-06T04:07:46.826Z - info: [server] NodeCG running on http://localhost:9090
2023-09-06T04:23:04.398Z - info: [server] Starting NodeCG 2.1.11 (Running on Node.js v18.16.1)
2023-09-06T04:23:53.957Z - info: [server] Starting NodeCG 2.1.11 (Running on Node.js v18.16.1)
2023-09-06T04:23:55.261Z - info: [extensions] Mounted ajr-relay-layouts extension
2023-09-06T04:23:55.284Z - info: [server] NodeCG running on http://localhost:9090
2023-09-06T13:18:44.607Z - info: [server] Starting NodeCG 2.1.11 (Running on Node.js v18.16.1)
2023-09-06T13:18:45.848Z - info: [extensions] Mounted ajr-relay-layouts extension
2023-09-06T13:18:45.874Z - info: [server] NodeCG running on http://localhost:9090
2023-09-06T15:09:10.385Z - info: [server] Starting NodeCG 2.1.11 (Running on Node.js v18.16.1)
2023-09-06T15:09:12.910Z - info: [extensions] Mounted ajr-relay-layouts extension
2023-09-06T15:09:12.936Z - info: [server] NodeCG running on http://localhost:9090
2023-09-07T10:27:06.066Z - info: [server] Starting NodeCG 2.1.11 (Running on Node.js v18.16.1)
2023-09-07T10:27:26.658Z - info: [extensions] Mounted ajr-relay-layouts extension
2023-09-07T10:27:26.710Z - info: [server] NodeCG running on http://localhost:9090
2023-09-07T10:28:49.594Z - info: [server] Starting NodeCG 2.1.11 (Running on Node.js v18.16.1)
2023-09-07T10:29:01.256Z - info: [extensions] Mounted ajr-relay-layouts extension
2023-09-07T10:29:01.298Z - info: [server] NodeCG running on http://localhost:9090
2023-09-07T10:29:02.317Z - info: [discord] Ready to join discord bot
2023-09-07T10:40:39.858Z - info: [server] Starting NodeCG 2.1.11 (Running on Node.js v18.16.1)
2023-09-07T10:40:52.119Z - info: [extensions] Mounted ajr-relay-layouts extension
2023-09-07T10:40:52.157Z - info: [server] NodeCG running on http://localhost:9090
2023-09-07T10:40:53.094Z - info: [discord] Ready to join discord bot
2023-09-07T10:42:26.431Z - info: [server] Starting NodeCG 2.1.11 (Running on Node.js v18.16.1)
2023-09-07T10:42:37.362Z - info: [extensions] Mounted ajr-relay-layouts extension
2023-09-07T10:42:37.386Z - info: [server] NodeCG running on http://localhost:9090
2023-09-07T10:42:38.353Z - info: [discord] Ready to join discord bot
2023-09-07T10:43:37.100Z - info: [server] Starting NodeCG 2.1.11 (Running on Node.js v18.16.1)
2023-09-07T10:43:48.769Z - info: [extensions] Mounted ajr-relay-layouts extension
2023-09-07T10:43:48.799Z - info: [server] NodeCG running on http://localhost:9090
2023-09-07T10:43:49.681Z - info: [discord] Ready to join discord bot
2023-09-07T10:44:55.172Z - info: [server] Starting NodeCG 2.1.11 (Running on Node.js v18.16.1)
2023-09-07T10:45:07.525Z - info: [extensions] Mounted ajr-relay-layouts extension
2023-09-07T10:45:07.560Z - info: [server] NodeCG running on http://localhost:9090
2023-09-07T10:45:08.514Z - info: [discord] Ready to join discord bot
2023-09-07T10:50:27.524Z - info: [server] Starting NodeCG 2.1.11 (Running on Node.js v18.16.1)
2023-09-07T10:50:39.934Z - info: [extensions] Mounted ajr-relay-layouts extension
2023-09-07T10:50:39.971Z - info: [server] NodeCG running on http://localhost:9090
2023-09-07T10:50:40.876Z - info: [discord] Ready to join discord bot
2023-09-07T10:59:04.880Z - info: [server] Starting NodeCG 2.1.11 (Running on Node.js v18.16.1)
2023-09-07T10:59:15.851Z - info: [extensions] Mounted ajr-relay-layouts extension
2023-09-07T10:59:15.882Z - info: [server] NodeCG running on http://localhost:9090
2023-09-07T10:59:16.716Z - info: [discord] Ready to join discord bot
2023-09-07T11:02:39.407Z - info: [server] Starting NodeCG 2.1.11 (Running on Node.js v18.16.1)
2023-09-07T11:02:50.416Z - info: [extensions] Mounted ajr-relay-layouts extension
2023-09-07T11:02:50.445Z - info: [server] NodeCG running on http://localhost:9090
2023-09-07T11:02:51.381Z - info: [discord] Ready to join discord bot
2023-09-07T11:59:32.335Z - info: [server] Starting NodeCG 2.1.11 (Running on Node.js v18.16.1)
2023-09-07T11:59:44.653Z - info: [extensions] Mounted ajr-relay-layouts extension
2023-09-07T11:59:44.679Z - info: [server] NodeCG running on http://localhost:9090
2023-09-07T11:59:45.742Z - info: [discord] Ready to join discord bot
2023-09-08T15:45:22.178Z - info: [server] Starting NodeCG 2.1.11 (Running on Node.js v18.16.1)
2023-09-08T15:45:47.656Z - info: [extensions] Mounted ajr-relay-layouts extension
2023-09-08T15:45:47.708Z - info: [server] NodeCG running on http://localhost:9090
2023-09-08T15:45:48.637Z - info: [discord] Ready to join discord bot
2023-09-08T17:03:40.314Z - info: [server] Starting NodeCG 2.1.11 (Running on Node.js v18.16.1)
2023-09-08T17:03:52.333Z - info: [extensions] Mounted ajr-relay-layouts extension
2023-09-08T17:03:52.362Z - info: [server] NodeCG running on http://localhost:9090
2023-09-08T17:03:53.236Z - info: [discord] Ready to join discord bot
2023-09-08T19:23:47.246Z - info: [server] Starting NodeCG 2.1.11 (Running on Node.js v18.16.1)
2023-09-08T19:23:59.543Z - info: [extensions] Mounted ajr-relay-layouts extension
2023-09-08T19:23:59.587Z - info: [server] NodeCG running on http://localhost:9090
2023-09-08T19:24:00.601Z - info: [discord] Ready to join discord bot
2023-09-08T19:25:01.693Z - info: [server] Starting NodeCG 2.1.11 (Running on Node.js v18.16.1)
2023-09-08T19:25:13.324Z - info: [extensions] Mounted ajr-relay-layouts extension
2023-09-08T19:25:13.361Z - info: [server] NodeCG running on http://localhost:9090
2023-09-08T19:25:14.278Z - info: [discord] Ready to join discord bot
2023-09-08T19:55:28.147Z - info: [server] Starting NodeCG 2.1.11 (Running on Node.js v18.16.1)
2023-09-08T19:55:39.559Z - info: [extensions] Mounted ajr-relay-layouts extension
2023-09-08T19:55:39.591Z - info: [server] NodeCG running on http://localhost:9090
2023-09-08T19:55:40.434Z - info: [discord] Ready to join discord bot
2023-09-08T20:46:32.100Z - info: [server] Starting NodeCG 2.1.11 (Running on Node.js v18.16.1)
2023-09-08T20:46:47.772Z - info: [extensions] Mounted ajr-relay-layouts extension
2023-09-08T20:46:47.830Z - info: [server] NodeCG running on http://localhost:9090
2023-09-08T20:46:48.862Z - info: [discord] Ready to join discord bot
2023-09-08T20:47:22.159Z - info: [server] Starting NodeCG 2.1.11 (Running on Node.js v18.16.1)
2023-09-08T20:47:35.067Z - info: [extensions] Mounted ajr-relay-layouts extension
2023-09-08T20:47:35.103Z - info: [server] NodeCG running on http://localhost:9090
2023-09-08T20:47:36.091Z - info: [discord] Ready to join discord bot
